44.5 03-10-2016
44.1 04-10-2016
42.2 05-10-2016
42.4 06-10-2016
41.4 07-10-2016
36.1 08-10-2016
39.7 09-10-2016
39.8 10-10-2016
40.5 11-10-2016
38.2 12-10-2016
39.2 13-10-2016
38.7 14-10-2016
37.1 18-10-2016
36.7 19-10-2016
37.5 20-10-2016
36.2 21-10-2016
34.9 22-10-2016
33.9 23-10-2016
21.0 24-10-2016
32.3 25-10-2016
33.8 26-10-2016
28.3 27-10-2016
26.3 28-10-2016
32.4 29-10-2016
27.1 30-10-2016
30.4 31-10-2016
32.8 01-11-2016
32.0 02-11-2016
20.2 03-11-2016
30.8 04-11-2016
31.7 05-11-2016
31.6 06-11-2016
31.0 07-11-2016
31.7 08-11-2016
31.9 09-11-2016
29.6 14-11-2016
29.2 15-11-2016
17.8 16-11-2016
30.9 17-11-2016
29.9 18-11-2016
27.7 19-11-2016
6.64 20-11-2016
15.8 21-11-2016
28.7 22-11-2016
28.4 23-11-2016
28.2 24-11-2016
28.0 25-11-2016
11.6 26-11-2016
23.7 27-11-2016
17.1 28-11-2016
27.9 29-11-2016
27.1 30-11-2016
20.6 01-12-2016
15.6 02-12-2016
26.6 03-12-2016
26.3 04-12-2016
23.9 05-12-2016
20.4 06-12-2016
18.7 07-12-2016
24.5 08-12-2016
22.6 09-12-2016
23.7 10-12-2016
23.1 11-12-2016
22.9 12-12-2016
22.7 13-12-2016
21.2 14-12-2016
16.1 15-12-2016
14.2 16-12-2016
23.4 17-12-2016
23.5 18-12-2016
23.1 19-12-2016
19.7 20-12-2016
10.4 21-12-2016
9.04 22-12-2016
9.03 23-12-2016
4.73 24-12-2016
22.6 25-12-2016
25.5 26-12-2016
25.4 27-12-2016
17.5 28-12-2016
24.4 29-12-2016
23.5 30-12-2016
8.59 31-12-2016
11.8 01-01-2017
13.7 02-01-2017
19.5 03-01-2017
23.8 04-01-2017
20.1 05-01-2017
27.7 06-01-2017
15.8 07-01-2017
22.6 08-01-2017
8.25 09-01-2017
23.2 10-01-2017
9.79 13-01-2017
14.2 14-01-2017
6.77 15-01-2017
26.9 16-01-2017
24.3 17-01-2017
28.6 18-01-2017
6.97 19-01-2017
7.90 20-01-2017
27.4 21-01-2017
18.5 22-01-2017
9.19 23-01-2017
27.4 24-01-2017
33.1 25-01-2017
32.5 26-01-2017
34.2 27-01-2017
33.5 28-01-2017
32.6 29-01-2017
32.5 30-01-2017
32.7 31-01-2017
33.2 01-02-2017
29.3 02-02-2017
26.3 03-02-2017
33.6 04-02-2017
31.1 05-02-2017
17.6 06-02-2017
29.9 07-02-2017
33.2 08-02-2017
32.2 09-02-2017
30.8 10-02-2017
25.6 11-02-2017
21.4 12-02-2017
26.7 13-02-2017
33.0 14-02-2017
37.8 15-02-2017
36.0 16-02-2017
28.6 17-02-2017
10.8 18-02-2017
16.2 19-02-2017
37.9 20-02-2017
39.1 21-02-2017
24.3 22-02-2017
43.3 23-02-2017
42.8 24-02-2017
41.5 25-02-2017
35.8 26-02-2017
10.3 27-02-2017
36.6 28-02-2017
44.6 01-03-2017
45.1 02-03-2017
32.4 03-03-2017
37.8 04-03-2017
23.8 05-03-2017
46.8 06-03-2017
45.1 07-03-2017
42.8 08-03-2017
44.7 09-03-2017
44.4 10-03-2017
44.7 11-03-2017
45.1 12-03-2017
44.9 13-03-2017
45.2 14-03-2017
37.9 15-03-2017
45.1 16-03-2017
43.9 17-03-2017
44.0 25-03-2017
49.8 26-03-2017
46.2 27-03-2017
51.2 28-03-2017
52.6 29-03-2017
52.3 30-03-2017
36.0 31-03-2017
45.1 01-04-2017
52.9 02-04-2017
52.5 03-04-2017
50.3 04-04-2017
53.0 05-04-2017
52.8 06-04-2017
42.9 07-04-2017
42.6 08-04-2017
48.2 09-04-2017
54.0 10-04-2017
49.5 11-04-2017
53.6 12-04-2017
53.9 13-04-2017
61.0 29-04-2017
59.8 30-04-2017
58.9 01-05-2017
56.8 02-05-2017
57.2 03-05-2017
57.0 04-05-2017
55.2 05-05-2017
57.7 06-05-2017
34.9 07-05-2017
53.1 08-05-2017
40.8 09-05-2017
50.3 10-05-2017
60.0 11-05-2017
56.7 12-05-2017
61.1 13-05-2017
52.8 14-05-2017
63.0 15-05-2017
58.5 16-05-2017
62.4 17-05-2017
64.0 18-05-2017
63.7 19-05-2017
62.0 20-05-2017
60.8 21-05-2017
58.7 24-05-2017
61.6 25-05-2017
64.0 26-05-2017
62.3 27-05-2017
60.9 28-05-2017
57.9 29-05-2017
58.7 30-05-2017
56.1 31-05-2017
61.0 01-06-2017
59.6 02-06-2017
59.2 03-06-2017
59.5 04-06-2017
59.2 05-06-2017
56.4 06-06-2017
59.2 07-06-2017
56.3 08-06-2017
60.4 09-06-2017
61.5 10-06-2017
62.8 11-06-2017
64.3 12-06-2017
63.7 13-06-2017
60.4 18-06-2017
45.3 14-07-2017
47.0 14-07-2017
